<?xml version="1.0" encoding="UTF-8"?>
<robot generator="Robot 6.1.1 (Python 3.11.2 on win32)" generated="20230921 14:01:38.814" rpa="false" schemaversion="4">
<suite id="s1" name="Testdemoapi" source="C:\Users\prasa\OneDrive\Desktop\pythonProject\Robot Framework\API_Testing_Example\testdemoapi.robot">
<test id="s1-t1" name="Play Around with dictionary" line="11">
<kw name="Create Dictionary" library="BuiltIn">
<var>&amp;{data}</var>
<arg>name=Jyoti Prasad</arg>
<arg>age=29</arg>
<arg>Occupation=Salaried</arg>
<doc>Creates and returns a dictionary based on the given ``items``.</doc>
<msg timestamp="20230921 14:01:38.970" level="INFO">&amp;{data} = { name=Jyoti Prasad | age=29 | Occupation=Salaried }</msg>
<status status="PASS" starttime="20230921 14:01:38.970" endtime="20230921 14:01:38.970"/>
</kw>
<kw name="Log" library="BuiltIn">
<arg>${data}</arg>
<doc>Logs the given message with the given level.</doc>
<msg timestamp="20230921 14:01:38.971" level="INFO">{'name': 'Jyoti Prasad', 'age': '29', 'Occupation': 'Salaried'}</msg>
<status status="PASS" starttime="20230921 14:01:38.971" endtime="20230921 14:01:38.971"/>
</kw>
<kw name="Dictionary Should Contain Key" library="Collections">
<arg>${data}</arg>
<arg>name</arg>
<doc>Fails if ``key`` is not found from ``dictionary``.</doc>
<status status="PASS" starttime="20230921 14:01:38.971" endtime="20230921 14:01:38.971"/>
</kw>
<kw name="Log" library="BuiltIn">
<arg>${data}[name]</arg>
<doc>Logs the given message with the given level.</doc>
<msg timestamp="20230921 14:01:38.971" level="INFO">Jyoti Prasad</msg>
<status status="PASS" starttime="20230921 14:01:38.971" endtime="20230921 14:01:38.971"/>
</kw>
<kw name="Get From Dictionary" library="Collections">
<var>${age}</var>
<arg>${data}</arg>
<arg>age</arg>
<doc>Returns a value from the given ``dictionary`` based on the given ``key``.</doc>
<msg timestamp="20230921 14:01:38.973" level="INFO">${age} = 29</msg>
<status status="PASS" starttime="20230921 14:01:38.973" endtime="20230921 14:01:38.973"/>
</kw>
<kw name="Log" library="BuiltIn">
<arg>${age}</arg>
<doc>Logs the given message with the given level.</doc>
<msg timestamp="20230921 14:01:38.973" level="INFO">29</msg>
<status status="PASS" starttime="20230921 14:01:38.973" endtime="20230921 14:01:38.973"/>
</kw>
<status status="PASS" starttime="20230921 14:01:38.969" endtime="20230921 14:01:38.974"/>
</test>
<test id="s1-t2" name="Add book into library database" line="19">
<kw name="Create Dictionary" library="BuiltIn">
<var>&amp;{request_body}</var>
<arg>name=Robotframework</arg>
<arg>isbn=72786</arg>
<arg>aisle=32445</arg>
<arg>author= Jyoti</arg>
<doc>Creates and returns a dictionary based on the given ``items``.</doc>
<msg timestamp="20230921 14:01:38.975" level="INFO">&amp;{request_body} = { name=Robotframework | isbn=72786 | aisle=32445 | author= Jyoti }</msg>
<status status="PASS" starttime="20230921 14:01:38.975" endtime="20230921 14:01:38.975"/>
</kw>
<kw name="POST" library="RequestsLibrary">
<var>${response}</var>
<arg>${base_url}/Library/Addbook.php</arg>
<arg>json=${request_body}</arg>
<arg>expected_status=200</arg>
<doc>Sends a POST request.</doc>
<msg timestamp="20230921 14:01:39.049" level="INFO">POST Request : url=https://rahulshettyacademy.com/Library/Addbook.php 
 path_url=/Library/Addbook.php 
 headers={'User-Agent': 'python-requests/2.28.2', 'Accept-Encoding': 'gzip, deflate', 'Accept': '*/*', 'Connection': 'keep-alive', 'Content-Length': '81', 'Content-Type': 'application/json'} 
 body=b'{"name": "Robotframework", "isbn": "72786", "aisle": "32445", "author": " Jyoti"}' 
 </msg>
<msg timestamp="20230921 14:01:39.049" level="INFO">POST Response : url=https://rahulshettyacademy.com/Library/Addbook.php 
 status=200, reason=OK 
 headers={'Date': 'Thu, 21 Sep 2023 08:31:39 GMT', 'Server': 'Apache/2.4.52 (Ubuntu)', 'Access-Control-Allow-Origin': '*', 'Access-Control-Allow-Methods': 'POST', 'Access-Control-Max-Age': '3600', 'Access-Control-Allow-Headers': 'Content-Type, Access-Control-Allow-Headers, Authorization, X-Requested-With', 'Content-Length': '46', 'Keep-Alive': 'timeout=5, max=100', 'Connection': 'Keep-Alive', 'Content-Type': 'application/json;charset=UTF-8'} 
 body={"Msg":"successfully added","ID":"7278632445"} 
 </msg>
<msg timestamp="20230921 14:01:39.049" level="INFO">${response} = &lt;Response [200]&gt;</msg>
<status status="PASS" starttime="20230921 14:01:38.975" endtime="20230921 14:01:39.049"/>
</kw>
<kw name="Log" library="BuiltIn">
<arg>${response.json()}</arg>
<doc>Logs the given message with the given level.</doc>
<msg timestamp="20230921 14:01:39.051" level="INFO">{'Msg': 'successfully added', 'ID': '7278632445'}</msg>
<status status="PASS" starttime="20230921 14:01:39.050" endtime="20230921 14:01:39.051"/>
</kw>
<kw name="Dictionary Should Contain Key" library="Collections">
<arg>${response.json()}</arg>
<arg>ID</arg>
<doc>Fails if ``key`` is not found from ``dictionary``.</doc>
<status status="PASS" starttime="20230921 14:01:39.051" endtime="20230921 14:01:39.052"/>
</kw>
<kw name="Get From Dictionary" library="Collections">
<var>${book_id}</var>
<arg>${response.json()}</arg>
<arg>ID</arg>
<doc>Returns a value from the given ``dictionary`` based on the given ``key``.</doc>
<msg timestamp="20230921 14:01:39.052" level="INFO">${book_id} = 7278632445</msg>
<status status="PASS" starttime="20230921 14:01:39.052" endtime="20230921 14:01:39.052"/>
</kw>
<kw name="Set Global Variable" library="BuiltIn">
<arg>${book_id}</arg>
<doc>Makes a variable available globally in all tests and suites.</doc>
<msg timestamp="20230921 14:01:39.053" level="INFO">${book_id} = 7278632445</msg>
<status status="PASS" starttime="20230921 14:01:39.052" endtime="20230921 14:01:39.053"/>
</kw>
<kw name="Log" library="BuiltIn">
<arg>${book_id}</arg>
<doc>Logs the given message with the given level.</doc>
<msg timestamp="20230921 14:01:39.053" level="INFO">7278632445</msg>
<status status="PASS" starttime="20230921 14:01:39.053" endtime="20230921 14:01:39.053"/>
</kw>
<kw name="Should Be Equal As Strings" library="BuiltIn">
<arg>successfully added</arg>
<arg>${response.json()}[Msg]</arg>
<doc>Fails if objects are unequal after converting them to strings.</doc>
<status status="PASS" starttime="20230921 14:01:39.053" endtime="20230921 14:01:39.055"/>
</kw>
<status status="PASS" starttime="20230921 14:01:38.974" endtime="20230921 14:01:39.055"/>
</test>
<test id="s1-t3" name="Get the book details which got added" line="29">
<kw name="GET" library="RequestsLibrary">
<var>${get_response}</var>
<arg>${base_url}/Library/GetBook.php</arg>
<arg>params=ID=${book_id}</arg>
<arg>expected_status=200</arg>
<doc>Sends a GET request.</doc>
<msg timestamp="20230921 14:01:39.126" level="INFO">GET Request : url=https://rahulshettyacademy.com/Library/GetBook.php?ID=7278632445 
 path_url=/Library/GetBook.php?ID=7278632445 
 headers={'User-Agent': 'python-requests/2.28.2', 'Accept-Encoding': 'gzip, deflate', 'Accept': '*/*', 'Connection': 'keep-alive'} 
 body=None 
 </msg>
<msg timestamp="20230921 14:01:39.126" level="INFO">GET Response : url=https://rahulshettyacademy.com/Library/GetBook.php?ID=7278632445 
 status=200, reason=OK 
 headers={'Date': 'Thu, 21 Sep 2023 08:31:39 GMT', 'Server': 'Apache/2.4.52 (Ubuntu)', 'Access-Control-Allow-Origin': '*', 'Access-Control-Allow-Methods': 'POST', 'Access-Control-Max-Age': '3600', 'Access-Control-Allow-Headers': 'Content-Type, Access-Control-Allow-Headers, Authorization, X-Requested-With', 'Content-Length': '81', 'Keep-Alive': 'timeout=5, max=100', 'Connection': 'Keep-Alive', 'Content-Type': 'application/json;charset=UTF-8'} 
 body=[{"book_name":"Robotframework","isbn":"72786","aisle":"32445","author":" Jyoti"}] 
 </msg>
<msg timestamp="20230921 14:01:39.126" level="INFO">${get_response} = &lt;Response [200]&gt;</msg>
<status status="PASS" starttime="20230921 14:01:39.056" endtime="20230921 14:01:39.126"/>
</kw>
<kw name="Log" library="BuiltIn">
<arg>${get_response.json()}</arg>
<doc>Logs the given message with the given level.</doc>
<msg timestamp="20230921 14:01:39.127" level="INFO">[{'book_name': 'Robotframework', 'isbn': '72786', 'aisle': '32445', 'author': ' Jyoti'}]</msg>
<status status="PASS" starttime="20230921 14:01:39.127" endtime="20230921 14:01:39.127"/>
</kw>
<status status="PASS" starttime="20230921 14:01:39.056" endtime="20230921 14:01:39.128"/>
</test>
<status status="PASS" starttime="20230921 14:01:38.816" endtime="20230921 14:01:39.129"/>
</suite>
<statistics>
<total>
<stat pass="3" fail="0" skip="0">All Tests</stat>
</total>
<tag>
</tag>
<suite>
<stat pass="3" fail="0" skip="0" id="s1" name="Testdemoapi">Testdemoapi</stat>
</suite>
</statistics>
<errors>
</errors>
</robot>
